2026-07-16 00:48:13,945 | INFO | AIStudio | Starting AI Studio
2026-07-16 00:49:01,401 | INFO | AIStudio | Starting AI Studio
2026-07-16 00:49:14,484 | INFO | AIStudio | Starting AI Studio
2026-07-16 00:51:51,624 | INFO | AIStudio | Starting AI Studio
2026-07-16 00:51:51,624 | INFO | AIStudio | Workspace initialized
2026-07-16 00:51:51,624 | INFO | AIStudio | Configuration loaded
2026-07-16 00:51:51,624 | INFO | AIStudio | Bootstrap complete
2026-07-16 01:00:50,292 | INFO | AIStudio | Starting AI Studio
2026-07-16 01:00:50,401 | INFO | AIStudio | Workspace initialized
2026-07-16 01:00:50,401 | INFO | AIStudio | Configuration loaded
2026-07-16 01:00:50,401 | INFO | AIStudio | Environment validated
2026-07-16 01:00:50,401 | INFO | AIStudio | Bootstrap complete
2026-07-16 01:01:24,298 | INFO | AIStudio | Stopping AI Studio
2026-07-16 01:05:41,053 | INFO | AIStudio | Starting AI Studio
2026-07-16 01:05:41,103 | INFO | AIStudio | Workspace initialized
2026-07-16 01:05:41,103 | INFO | AIStudio | Configuration loaded
2026-07-16 01:05:41,103 | INFO | AIStudio | Environment validated
2026-07-16 01:05:41,103 | INFO | AIStudio | Bootstrap complete
2026-07-16 01:08:25,865 | INFO | AIStudio | Stopping AI Studio
2026-07-16 01:10:13,384 | INFO | AIStudio | Starting AI Studio
2026-07-16 01:10:13,448 | INFO | AIStudio | Workspace initialized
2026-07-16 01:10:13,448 | INFO | AIStudio | Configuration loaded
2026-07-16 01:10:13,448 | INFO | AIStudio | Environment validated
2026-07-16 01:10:13,448 | INFO | AIStudio | Bootstrap complete
2026-07-16 01:10:37,849 | INFO | AIStudio | Stopping AI Studio
2026-07-16 01:13:17,723 | INFO | AIStudio | Starting AI Studio
2026-07-16 01:13:17,829 | INFO | AIStudio | Workspace initialized
2026-07-16 01:13:17,829 | INFO | AIStudio | Configuration loaded
2026-07-16 01:13:17,829 | INFO | AIStudio | Environment validated
2026-07-16 01:13:17,829 | INFO | AIStudio | Bootstrap complete
2026-07-16 01:13:20,916 | INFO | AIStudio | Stopping AI Studio
2026-07-16 01:13:24,967 | INFO | AIStudio | Starting AI Studio
2026-07-16 01:13:25,042 | INFO | AIStudio | Workspace initialized
2026-07-16 01:13:25,042 | INFO | AIStudio | Configuration loaded
2026-07-16 01:13:25,042 | INFO | AIStudio | Environment validated
2026-07-16 01:13:25,042 | INFO | AIStudio | Bootstrap complete
2026-07-16 01:14:22,130 | INFO | AIStudio | Stopping AI Studio
2026-07-16 01:14:30,050 | INFO | AIStudio | Starting AI Studio
2026-07-16 01:14:30,110 | INFO | AIStudio | Workspace initialized
2026-07-16 01:14:30,110 | INFO | AIStudio | Configuration loaded
2026-07-16 01:14:30,110 | INFO | AIStudio | Environment validated
2026-07-16 01:14:30,110 | INFO | AIStudio | Bootstrap complete
2026-07-16 01:14:43,951 | INFO | AIStudio | Stopping AI Studio
2026-07-16 01:16:47,455 | INFO | AIStudio | Starting AI Studio
2026-07-16 01:16:47,509 | INFO | AIStudio | Workspace initialized
2026-07-16 01:16:47,509 | INFO | AIStudio | Configuration loaded
2026-07-16 01:16:47,509 | INFO | AIStudio | Environment validated
2026-07-16 01:16:47,509 | INFO | AIStudio | Bootstrap complete
2026-07-16 01:17:03,697 | INFO | AIStudio | Stopping AI Studio
2026-07-16 01:19:46,619 | INFO | AIStudio | Starting AI Studio
2026-07-16 01:19:46,682 | INFO | AIStudio | Workspace initialized
2026-07-16 01:19:46,682 | INFO | AIStudio | Configuration loaded
2026-07-16 01:19:46,682 | INFO | AIStudio | Environment validated
2026-07-16 01:19:46,682 | INFO | AIStudio | Bootstrap complete
2026-07-16 01:33:09,987 | INFO | AIStudio | Starting AI Studio
2026-07-16 01:33:10,100 | INFO | AIStudio | Workspace initialized
2026-07-16 01:33:10,100 | INFO | AIStudio | Configuration loaded
2026-07-16 01:33:10,100 | INFO | AIStudio | Environment validated
2026-07-16 01:33:10,100 | INFO | AIStudio | Bootstrap complete
2026-07-16 01:33:31,323 | INFO | AIStudio | Stopping AI Studio
2026-07-16 01:34:30,503 | INFO | AIStudio | Starting AI Studio
2026-07-16 01:34:30,572 | INFO | AIStudio | Workspace initialized
2026-07-16 01:34:30,572 | INFO | AIStudio | Configuration loaded
2026-07-16 01:34:30,572 | INFO | AIStudio | Environment validated
2026-07-16 01:34:30,572 | INFO | AIStudio | Bootstrap complete
2026-07-16 01:35:52,792 | INFO | AIStudio | Stopping AI Studio
2026-07-16 01:37:17,275 | INFO | AIStudio | Starting AI Studio
2026-07-16 01:37:17,386 | INFO | AIStudio | Workspace initialized
2026-07-16 01:37:17,386 | INFO | AIStudio | Configuration loaded
2026-07-16 01:37:17,386 | INFO | AIStudio | Environment validated
2026-07-16 01:37:17,386 | INFO | AIStudio | Bootstrap complete
2026-07-16 01:37:25,385 | INFO | AIStudio | Stopping AI Studio
2026-07-16 01:38:15,248 | INFO | AIStudio | Starting AI Studio
2026-07-16 01:38:15,291 | INFO | AIStudio | Workspace initialized
2026-07-16 01:38:15,291 | INFO | AIStudio | Configuration loaded
2026-07-16 01:38:15,291 | INFO | AIStudio | Environment validated
2026-07-16 01:38:15,291 | INFO | AIStudio | Bootstrap complete
2026-07-16 01:38:54,231 | INFO | AIStudio | Stopping AI Studio
2026-07-16 01:42:03,781 | INFO | AIStudio | Starting AI Studio
2026-07-16 01:42:03,852 | INFO | AIStudio | Workspace initialized
2026-07-16 01:42:03,852 | INFO | AIStudio | Configuration loaded
2026-07-16 01:42:03,852 | INFO | AIStudio | Environment validated
2026-07-16 01:42:03,853 | INFO | AIStudio | Bootstrap complete
2026-07-16 01:43:56,326 | INFO | AIStudio | Stopping AI Studio
2026-07-16 01:44:22,384 | INFO | AIStudio | Starting AI Studio
2026-07-16 01:44:22,486 | INFO | AIStudio | Workspace initialized
2026-07-16 01:44:22,486 | INFO | AIStudio | Configuration loaded
2026-07-16 01:44:22,486 | INFO | AIStudio | Environment validated
2026-07-16 01:44:22,486 | INFO | AIStudio | Bootstrap complete
2026-07-16 01:44:35,213 | INFO | AIStudio | Stopping AI Studio
2026-07-16 01:47:26,560 | INFO | AIStudio | Starting AI Studio
2026-07-16 01:47:26,605 | INFO | AIStudio | Workspace initialized
2026-07-16 01:47:26,605 | INFO | AIStudio | Configuration loaded
2026-07-16 01:47:26,605 | INFO | AIStudio | Environment validated
2026-07-16 01:47:26,605 | INFO | AIStudio | Bootstrap complete
2026-07-16 02:00:35,884 | INFO | AIStudio | Starting AI Studio
2026-07-16 02:00:35,989 | INFO | AIStudio | Workspace initialized
2026-07-16 02:00:35,989 | INFO | AIStudio | Configuration loaded
2026-07-16 02:00:35,989 | INFO | AIStudio | Environment validated
2026-07-16 02:00:35,989 | INFO | AIStudio | Bootstrap complete
2026-07-16 02:00:56,104 | INFO | AIStudio | Stopping AI Studio
2026-07-16 02:05:59,743 | INFO | AIStudio | Starting AI Studio
2026-07-16 02:05:59,849 | INFO | AIStudio | Workspace initialized
2026-07-16 02:05:59,849 | INFO | AIStudio | Configuration loaded
2026-07-16 02:05:59,849 | INFO | AIStudio | Environment validated
2026-07-16 02:05:59,849 | INFO | AIStudio | Bootstrap complete
2026-07-16 02:06:27,822 | INFO | AIStudio | Stopping AI Studio
2026-07-16 02:10:33,126 | INFO | AIStudio | Starting AI Studio
2026-07-16 02:10:33,222 | INFO | AIStudio | Workspace initialized
2026-07-16 02:10:33,222 | INFO | AIStudio | Configuration loaded
2026-07-16 02:10:33,222 | INFO | AIStudio | Environment validated
2026-07-16 02:10:33,222 | INFO | AIStudio | Bootstrap complete
2026-07-16 02:11:27,026 | INFO | AIStudio | Stopping AI Studio
2026-07-16 02:12:12,369 | INFO | AIStudio | Starting AI Studio
2026-07-16 02:12:12,463 | INFO | AIStudio | Workspace initialized
2026-07-16 02:12:12,463 | INFO | AIStudio | Configuration loaded
2026-07-16 02:12:12,463 | INFO | AIStudio | Environment validated
2026-07-16 02:12:12,463 | INFO | AIStudio | Bootstrap complete
2026-07-16 02:12:35,916 | INFO | AIStudio | Stopping AI Studio
2026-07-16 02:14:42,042 | INFO | AIStudio | Starting AI Studio
2026-07-16 02:14:42,142 | INFO | AIStudio | Workspace initialized
2026-07-16 02:14:42,142 | INFO | AIStudio | Configuration loaded
2026-07-16 02:14:42,142 | INFO | AIStudio | Environment validated
2026-07-16 02:14:42,142 | INFO | AIStudio | Bootstrap complete
2026-07-16 02:15:14,942 | INFO | AIStudio | Stopping AI Studio
2026-07-16 02:16:28,654 | INFO | AIStudio | Starting AI Studio
2026-07-16 02:16:28,745 | INFO | AIStudio | Workspace initialized
2026-07-16 02:16:28,745 | INFO | AIStudio | Configuration loaded
2026-07-16 02:16:28,745 | INFO | AIStudio | Environment validated
2026-07-16 02:16:28,745 | INFO | AIStudio | Bootstrap complete
2026-07-16 02:16:40,512 | INFO | AIStudio | Stopping AI Studio
2026-07-16 02:19:36,491 | INFO | AIStudio | Starting AI Studio
2026-07-16 02:19:36,600 | INFO | AIStudio | Workspace initialized
2026-07-16 02:19:36,600 | INFO | AIStudio | Configuration loaded
2026-07-16 02:19:36,600 | INFO | AIStudio | Environment validated
2026-07-16 02:19:36,600 | INFO | AIStudio | Bootstrap complete
2026-07-16 02:19:40,958 | INFO | AIStudio | Stopping AI Studio
2026-07-16 02:19:44,261 | INFO | AIStudio | Starting AI Studio
2026-07-16 02:19:44,322 | INFO | AIStudio | Workspace initialized
2026-07-16 02:19:44,322 | INFO | AIStudio | Configuration loaded
2026-07-16 02:19:44,322 | INFO | AIStudio | Environment validated
2026-07-16 02:19:44,322 | INFO | AIStudio | Bootstrap complete
2026-07-16 02:20:12,628 | INFO | AIStudio | Stopping AI Studio
2026-07-16 02:24:29,961 | INFO | AIStudio | Starting AI Studio
2026-07-16 02:24:30,067 | INFO | AIStudio | Workspace initialized
2026-07-16 02:24:30,067 | INFO | AIStudio | Configuration loaded
2026-07-16 02:24:30,067 | INFO | AIStudio | Environment validated
2026-07-16 02:24:30,067 | INFO | AIStudio | Bootstrap complete
2026-07-16 02:25:10,916 | INFO | AIStudio | Stopping AI Studio
2026-07-16 10:18:41,306 | INFO | AIStudio | Starting AI Studio
2026-07-16 10:18:41,400 | INFO | AIStudio | Workspace initialized
2026-07-16 10:18:41,400 | INFO | AIStudio | Configuration loaded
2026-07-16 10:18:41,400 | INFO | AIStudio | Environment validated
2026-07-16 10:18:41,400 | INFO | AIStudio | Bootstrap complete
2026-07-16 10:19:17,332 | INFO | AIStudio | Stopping AI Studio
2026-07-16 10:23:01,208 | INFO | AIStudio | Starting AI Studio
2026-07-16 10:23:01,306 | INFO | AIStudio | Workspace initialized
2026-07-16 10:23:01,306 | INFO | AIStudio | Configuration loaded
2026-07-16 10:23:01,306 | INFO | AIStudio | Environment validated
2026-07-16 10:23:01,306 | INFO | AIStudio | Bootstrap complete
2026-07-16 10:23:34,104 | INFO | AIStudio | Stopping AI Studio
2026-07-16 10:26:11,645 | INFO | AIStudio | Starting AI Studio
2026-07-16 10:26:11,755 | INFO | AIStudio | Workspace initialized
2026-07-16 10:26:11,755 | INFO | AIStudio | Configuration loaded
2026-07-16 10:26:11,755 | INFO | AIStudio | Environment validated
2026-07-16 10:26:11,756 | INFO | AIStudio | Bootstrap complete
2026-07-16 10:26:38,976 | INFO | AIStudio | Stopping AI Studio
2026-07-16 21:14:32,194 | INFO | AIStudio | Starting AI Studio
2026-07-16 21:14:32,260 | INFO | AIStudio | Workspace initialized
2026-07-16 21:14:32,260 | INFO | AIStudio | Configuration loaded
2026-07-16 21:14:32,260 | INFO | AIStudio | Environment validated
2026-07-16 21:14:32,260 | INFO | AIStudio | Bootstrap complete
2026-07-16 21:32:06,632 | INFO | AIStudio | Stopping AI Studio
2026-07-16 21:32:07,428 | INFO | AIStudio | Starting AI Studio
2026-07-16 21:32:07,565 | INFO | AIStudio | Workspace initialized
2026-07-16 21:32:07,565 | INFO | AIStudio | Configuration loaded
2026-07-16 21:32:07,565 | INFO | AIStudio | Environment validated
2026-07-16 21:32:07,565 | INFO | AIStudio | Bootstrap complete
2026-07-16 21:33:19,381 | INFO | AIStudio | Stopping AI Studio
2026-07-16 21:33:20,119 | INFO | AIStudio | Starting AI Studio
2026-07-16 21:33:20,192 | INFO | AIStudio | Workspace initialized
2026-07-16 21:33:20,192 | INFO | AIStudio | Configuration loaded
2026-07-16 21:33:20,192 | INFO | AIStudio | Environment validated
2026-07-16 21:33:20,192 | INFO | AIStudio | Bootstrap complete
2026-07-16 21:34:25,327 | INFO | AIStudio | Stopping AI Studio
2026-07-16 21:34:26,036 | INFO | AIStudio | Starting AI Studio
2026-07-16 21:34:26,104 | INFO | AIStudio | Workspace initialized
2026-07-16 21:34:26,104 | INFO | AIStudio | Configuration loaded
2026-07-16 21:34:26,104 | INFO | AIStudio | Environment validated
2026-07-16 21:34:26,104 | INFO | AIStudio | Bootstrap complete
2026-07-16 21:37:48,658 | INFO | AIStudio | Stopping AI Studio
2026-07-16 21:37:49,454 | INFO | AIStudio | Starting AI Studio
2026-07-16 21:37:49,567 | INFO | AIStudio | Workspace initialized
2026-07-16 21:37:49,567 | INFO | AIStudio | Configuration loaded
2026-07-16 21:37:49,567 | INFO | AIStudio | Environment validated
2026-07-16 21:37:49,567 | INFO | AIStudio | Bootstrap complete
2026-07-16 21:41:24,631 | INFO | AIStudio | Stopping AI Studio
2026-07-16 21:41:25,489 | INFO | AIStudio | Starting AI Studio
2026-07-16 21:41:25,602 | INFO | AIStudio | Workspace initialized
2026-07-16 21:41:25,602 | INFO | AIStudio | Configuration loaded
2026-07-16 21:41:25,602 | INFO | AIStudio | Environment validated
2026-07-16 21:41:25,602 | INFO | AIStudio | Bootstrap complete
2026-07-16 21:49:49,318 | INFO | AIStudio | Stopping AI Studio
2026-07-16 21:49:50,047 | INFO | AIStudio | Starting AI Studio
2026-07-16 21:49:50,112 | INFO | AIStudio | Workspace initialized
2026-07-16 21:49:50,112 | INFO | AIStudio | Configuration loaded
2026-07-16 21:49:50,112 | INFO | AIStudio | Environment validated
2026-07-16 21:49:50,112 | INFO | AIStudio | Bootstrap complete
2026-07-16 21:51:35,454 | INFO | AIStudio | Stopping AI Studio
2026-07-16 21:51:36,183 | INFO | AIStudio | Starting AI Studio
2026-07-16 21:51:36,254 | INFO | AIStudio | Workspace initialized
2026-07-16 21:51:36,254 | INFO | AIStudio | Configuration loaded
2026-07-16 21:51:36,254 | INFO | AIStudio | Environment validated
2026-07-16 21:51:36,254 | INFO | AIStudio | Bootstrap complete
2026-07-16 21:52:25,935 | INFO | AIStudio | Stopping AI Studio
2026-07-16 21:52:26,647 | INFO | AIStudio | Starting AI Studio
2026-07-16 21:52:26,710 | INFO | AIStudio | Workspace initialized
2026-07-16 21:52:26,710 | INFO | AIStudio | Configuration loaded
2026-07-16 21:52:26,710 | INFO | AIStudio | Environment validated
2026-07-16 21:52:26,710 | INFO | AIStudio | Bootstrap complete
2026-07-16 22:00:29,789 | INFO | AIStudio | Stopping AI Studio
2026-07-16 22:00:30,543 | INFO | AIStudio | Starting AI Studio
2026-07-16 22:00:30,627 | INFO | AIStudio | Workspace initialized
2026-07-16 22:00:30,627 | INFO | AIStudio | Configuration loaded
2026-07-16 22:00:30,627 | INFO | AIStudio | Environment validated
2026-07-16 22:00:30,627 | INFO | AIStudio | Bootstrap complete
2026-07-16 22:05:48,324 | INFO | AIStudio | Stopping AI Studio
2026-07-16 22:05:48,994 | INFO | AIStudio | Starting AI Studio
2026-07-16 22:05:49,044 | INFO | AIStudio | Workspace initialized
2026-07-16 22:05:49,044 | INFO | AIStudio | Configuration loaded
2026-07-16 22:05:49,056 | INFO | AIStudio | Environment validated
2026-07-16 22:05:49,056 | INFO | AIStudio | Bootstrap complete
2026-07-16 22:06:36,522 | INFO | AIStudio | Stopping AI Studio
2026-07-16 22:06:37,211 | INFO | AIStudio | Starting AI Studio
2026-07-16 22:06:37,285 | INFO | AIStudio | Workspace initialized
2026-07-16 22:06:37,285 | INFO | AIStudio | Configuration loaded
2026-07-16 22:06:37,285 | INFO | AIStudio | Environment validated
2026-07-16 22:06:37,285 | INFO | AIStudio | Bootstrap complete
2026-07-16 22:09:02,225 | INFO | AIStudio | Stopping AI Studio
2026-07-16 22:12:13,301 | INFO | AIStudio | Starting AI Studio
2026-07-16 22:12:13,385 | INFO | AIStudio | Workspace initialized
2026-07-16 22:12:13,386 | INFO | AIStudio | Configuration loaded
2026-07-16 22:12:13,386 | INFO | AIStudio | Environment validated
2026-07-16 22:12:13,386 | INFO | AIStudio | Bootstrap complete
2026-07-16 22:17:42,790 | INFO | AIStudio | Stopping AI Studio
2026-07-16 22:17:43,553 | INFO | AIStudio | Starting AI Studio
2026-07-16 22:17:43,627 | INFO | AIStudio | Workspace initialized
2026-07-16 22:17:43,627 | INFO | AIStudio | Configuration loaded
2026-07-16 22:17:43,627 | INFO | AIStudio | Environment validated
2026-07-16 22:17:43,627 | INFO | AIStudio | Bootstrap complete
2026-07-16 22:18:46,080 | INFO | AIStudio | Stopping AI Studio
2026-07-16 22:18:46,706 | INFO | AIStudio | Starting AI Studio
2026-07-16 22:18:46,779 | INFO | AIStudio | Workspace initialized
2026-07-16 22:18:46,779 | INFO | AIStudio | Configuration loaded
2026-07-16 22:18:46,779 | INFO | AIStudio | Environment validated
2026-07-16 22:18:46,779 | INFO | AIStudio | Bootstrap complete
2026-07-16 22:21:11,465 | INFO | AIStudio | Stopping AI Studio
2026-07-16 22:27:09,114 | INFO | AIStudio | Starting AI Studio
2026-07-16 22:27:09,268 | INFO | AIStudio | Workspace initialized
2026-07-16 22:27:09,269 | INFO | AIStudio | Configuration loaded
2026-07-16 22:27:09,269 | INFO | AIStudio | Environment validated
2026-07-16 22:27:09,269 | INFO | AIStudio | Bootstrap complete
2026-07-16 22:33:07,283 | INFO | AIStudio | Stopping AI Studio
2026-07-16 22:33:07,985 | INFO | AIStudio | Starting AI Studio
2026-07-16 22:33:08,072 | INFO | AIStudio | Workspace initialized
2026-07-16 22:33:08,072 | INFO | AIStudio | Configuration loaded
2026-07-16 22:33:08,072 | INFO | AIStudio | Environment validated
2026-07-16 22:33:08,072 | INFO | AIStudio | Bootstrap complete
2026-07-16 22:33:50,911 | INFO | AIStudio | Stopping AI Studio
2026-07-16 22:33:51,589 | INFO | AIStudio | Starting AI Studio
2026-07-16 22:33:51,659 | INFO | AIStudio | Workspace initialized
2026-07-16 22:33:51,659 | INFO | AIStudio | Configuration loaded
2026-07-16 22:33:51,659 | INFO | AIStudio | Environment validated
2026-07-16 22:33:51,659 | INFO | AIStudio | Bootstrap complete
2026-07-16 22:34:04,633 | INFO | AIStudio | Starting AI Studio
2026-07-16 22:34:04,694 | INFO | AIStudio | Workspace initialized
2026-07-16 22:34:04,694 | INFO | AIStudio | Configuration loaded
2026-07-16 22:34:04,694 | INFO | AIStudio | Environment validated
2026-07-16 22:34:04,694 | INFO | AIStudio | Bootstrap complete
2026-07-17 01:29:48,382 | INFO | AIStudio | Starting AI Studio
2026-07-17 01:29:48,477 | INFO | AIStudio | Workspace initialized
2026-07-17 01:29:48,477 | INFO | AIStudio | Configuration loaded
2026-07-17 01:29:48,477 | INFO | AIStudio | Environment validated
2026-07-17 01:29:48,477 | INFO | AIStudio | Bootstrap complete
2026-07-17 01:33:23,209 | INFO | AIStudio | Stopping AI Studio
2026-07-17 01:33:23,825 | INFO | AIStudio | Starting AI Studio
2026-07-17 01:33:23,885 | INFO | AIStudio | Workspace initialized
2026-07-17 01:33:23,885 | INFO | AIStudio | Configuration loaded
2026-07-17 01:33:23,885 | INFO | AIStudio | Environment validated
2026-07-17 01:33:23,885 | INFO | AIStudio | Bootstrap complete
2026-07-17 01:33:39,899 | INFO | AIStudio | Starting AI Studio
2026-07-17 01:33:39,981 | INFO | AIStudio | Workspace initialized
2026-07-17 01:33:39,981 | INFO | AIStudio | Configuration loaded
2026-07-17 01:33:39,981 | INFO | AIStudio | Environment validated
2026-07-17 01:33:39,981 | INFO | AIStudio | Bootstrap complete
2026-07-17 01:34:57,978 | INFO | AIStudio | Stopping AI Studio
2026-07-17 01:34:58,190 | INFO | AIStudio | Stopping AI Studio
